<?xml version="1.0" encoding="UTF-8"?>
<!-- Generated by org.testng.reporters.JUnitXMLReporter -->
<testsuite hostname="USMECYASMITTAL1" ignored="0" name="LoginTest1" tests="2" failures="0" timestamp="27 Feb 2020 20:14:08 GMT" time="5.094" errors="0">
  <testcase name="TestLoginPass" time="0.0" classname="TestCases.Test3">
    <skipped/>
  </testcase> <!-- TestLoginPass -->
  <testcase name="TestReport" time="0.0" classname="TestCases.Test3">
    <skipped/>
  </testcase> <!-- TestReport -->
</testsuite> <!-- LoginTest1 -->
